<?xml version="1.0" encoding="UTF-8"?>
<testsuite xmlns:xsi="http://www.w3.org/2001/XMLSchema-instance" xsi:noNamespaceSchemaLocation="https://maven.apache.org/surefire/maven-surefire-plugin/xsd/surefire-test-report-3.0.xsd" version="3.0" name="TestSuite" time="16.327" tests="3" errors="0" skipped="0" failures="0">
  <properties>
    <property name="java.specification.version" value="17"/>
    <property name="webdriver.chrome.driver" value="/Users/domda1/.cache/selenium/chromedriver/mac-arm64/114.0.5735.90/chromedriver"/>
    <property name="sun.jnu.encoding" value="UTF-8"/>
    <property name="java.class.path" value="/Users/domda1/personalProjects/CucumberUIandAPi/target/test-classes:/Users/domda1/personalProjects/CucumberUIandAPi/target/classes:/Users/domda1/.m2/repository/io/cucumber/cucumber-java/7.0.0-RC1/cucumber-java-7.0.0-RC1.jar:/Users/domda1/.m2/repository/io/cucumber/cucumber-core/7.0.0-RC1/cucumber-core-7.0.0-RC1.jar:/Users/domda1/.m2/repository/io/cucumber/cucumber-gherkin/7.0.0-RC1/cucumber-gherkin-7.0.0-RC1.jar:/Users/domda1/.m2/repository/io/cucumber/cucumber-gherkin-messages/7.0.0-RC1/cucumber-gherkin-messages-7.0.0-RC1.jar:/Users/domda1/.m2/repository/io/cucumber/messages/17.1.0/messages-17.1.0.jar:/Users/domda1/.m2/repository/io/cucumber/tag-expressions/4.0.0/tag-expressions-4.0.0.jar:/Users/domda1/.m2/repository/io/cucumber/cucumber-expressions/12.1.3/cucumber-expressions-12.1.3.jar:/Users/domda1/.m2/repository/io/cucumber/datatable/7.0.0-RC1/datatable-7.0.0-RC1.jar:/Users/domda1/.m2/repository/io/cucumber/cucumber-plugin/7.0.0-RC1/cucumber-plugin-7.0.0-RC1.jar:/Users/domda1/.m2/repository/io/cucumber/docstring/7.0.0-RC1/docstring-7.0.0-RC1.jar:/Users/domda1/.m2/repository/io/cucumber/html-formatter/17.0.0/html-formatter-17.0.0.jar:/Users/domda1/.m2/repository/io/cucumber/create-meta/6.0.1/create-meta-6.0.1.jar:/Users/domda1/.m2/repository/org/apiguardian/apiguardian-api/1.1.2/apiguardian-api-1.1.2.jar:/Users/domda1/.m2/repository/org/seleniumhq/selenium/selenium-java/4.8.3/selenium-java-4.8.3.jar:/Users/domda1/.m2/repository/org/seleniumhq/selenium/selenium-api/4.8.3/selenium-api-4.8.3.jar:/Users/domda1/.m2/repository/org/seleniumhq/selenium/selenium-chrome-driver/4.8.3/selenium-chrome-driver-4.8.3.jar:/Users/domda1/.m2/repository/com/google/auto/service/auto-service-annotations/1.0.1/auto-service-annotations-1.0.1.jar:/Users/domda1/.m2/repository/com/google/auto/service/auto-service/1.0.1/auto-service-1.0.1.jar:/Users/domda1/.m2/repository/com/google/auto/auto-common/1.2/auto-common-1.2.jar:/Users/domda1/.m2/repository/org/seleniumhq/selenium/selenium-chromium-driver/4.8.3/selenium-chromium-driver-4.8.3.jar:/Users/domda1/.m2/repository/org/seleniumhq/selenium/selenium-json/4.8.3/selenium-json-4.8.3.jar:/Users/domda1/.m2/repository/org/seleniumhq/selenium/selenium-manager/4.8.3/selenium-manager-4.8.3.jar:/Users/domda1/.m2/repository/org/seleniumhq/selenium/selenium-devtools-v109/4.8.3/selenium-devtools-v109-4.8.3.jar:/Users/domda1/.m2/repository/org/seleniumhq/selenium/selenium-devtools-v110/4.8.3/selenium-devtools-v110-4.8.3.jar:/Users/domda1/.m2/repository/org/seleniumhq/selenium/selenium-devtools-v111/4.8.3/selenium-devtools-v111-4.8.3.jar:/Users/domda1/.m2/repository/org/seleniumhq/selenium/selenium-devtools-v85/4.8.3/selenium-devtools-v85-4.8.3.jar:/Users/domda1/.m2/repository/org/seleniumhq/selenium/selenium-edge-driver/4.8.3/selenium-edge-driver-4.8.3.jar:/Users/domda1/.m2/repository/org/seleniumhq/selenium/selenium-firefox-driver/4.8.3/selenium-firefox-driver-4.8.3.jar:/Users/domda1/.m2/repository/org/seleniumhq/selenium/selenium-http/4.8.3/selenium-http-4.8.3.jar:/Users/domda1/.m2/repository/dev/failsafe/failsafe/3.3.1/failsafe-3.3.1.jar:/Users/domda1/.m2/repository/org/seleniumhq/selenium/selenium-ie-driver/4.8.3/selenium-ie-driver-4.8.3.jar:/Users/domda1/.m2/repository/org/seleniumhq/selenium/selenium-remote-driver/4.8.3/selenium-remote-driver-4.8.3.jar:/Users/domda1/.m2/repository/com/beust/jcommander/1.82/jcommander-1.82.jar:/Users/domda1/.m2/repository/io/netty/netty-buffer/4.1.90.Final/netty-buffer-4.1.90.Final.jar:/Users/domda1/.m2/repository/io/netty/netty-codec-http/4.1.90.Final/netty-codec-http-4.1.90.Final.jar:/Users/domda1/.m2/repository/io/netty/netty-codec/4.1.90.Final/netty-codec-4.1.90.Final.jar:/Users/domda1/.m2/repository/io/netty/netty-handler/4.1.90.Final/netty-handler-4.1.90.Final.jar:/Users/domda1/.m2/repository/io/netty/netty-common/4.1.90.Final/netty-common-4.1.90.Final.jar:/Users/domda1/.m2/repository/io/netty/netty-transport-classes-epoll/4.1.90.Final/netty-transport-classes-epoll-4.1.90.Final.jar:/Users/domda1/.m2/repository/io/netty/netty-transport-classes-kqueue/4.1.90.Final/netty-transport-classes-kqueue-4.1.90.Final.jar:/Users/domda1/.m2/repository/io/netty/netty-transport-native-epoll/4.1.90.Final/netty-transport-native-epoll-4.1.90.Final.jar:/Users/domda1/.m2/repository/io/netty/netty-transport-native-kqueue/4.1.90.Final/netty-transport-native-kqueue-4.1.90.Final.jar:/Users/domda1/.m2/repository/io/netty/netty-transport-native-unix-common/4.1.90.Final/netty-transport-native-unix-common-4.1.90.Final.jar:/Users/domda1/.m2/repository/io/netty/netty-transport/4.1.90.Final/netty-transport-4.1.90.Final.jar:/Users/domda1/.m2/repository/io/netty/netty-resolver/4.1.90.Final/netty-resolver-4.1.90.Final.jar:/Users/domda1/.m2/repository/io/opentelemetry/opentelemetry-api/1.24.0/opentelemetry-api-1.24.0.jar:/Users/domda1/.m2/repository/io/opentelemetry/opentelemetry-context/1.24.0/opentelemetry-context-1.24.0.jar:/Users/domda1/.m2/repository/io/opentelemetry/opentelemetry-exporter-logging/1.24.0/opentelemetry-exporter-logging-1.24.0.jar:/Users/domda1/.m2/repository/io/opentelemetry/opentelemetry-sdk-metrics/1.24.0/opentelemetry-sdk-metrics-1.24.0.jar:/Users/domda1/.m2/repository/io/opentelemetry/opentelemetry-sdk-logs/1.24.0-alpha/opentelemetry-sdk-logs-1.24.0-alpha.jar:/Users/domda1/.m2/repository/io/opentelemetry/opentelemetry-api-logs/1.24.0-alpha/opentelemetry-api-logs-1.24.0-alpha.jar:/Users/domda1/.m2/repository/io/opentelemetry/opentelemetry-api-events/1.24.0-alpha/opentelemetry-api-events-1.24.0-alpha.jar:/Users/domda1/.m2/repository/io/opentelemetry/opentelemetry-sdk-common/1.24.0/opentelemetry-sdk-common-1.24.0.jar:/Users/domda1/.m2/repository/io/opentelemetry/opentelemetry-sdk-extension-autoconfigure-spi/1.24.0/opentelemetry-sdk-extension-autoconfigure-spi-1.24.0.jar:/Users/domda1/.m2/repository/io/opentelemetry/opentelemetry-sdk-extension-autoconfigure/1.24.0-alpha/opentelemetry-sdk-extension-autoconfigure-1.24.0-alpha.jar:/Users/domda1/.m2/repository/io/opentelemetry/opentelemetry-sdk-trace/1.24.0/opentelemetry-sdk-trace-1.24.0.jar:/Users/domda1/.m2/repository/io/opentelemetry/opentelemetry-sdk/1.24.0/opentelemetry-sdk-1.24.0.jar:/Users/domda1/.m2/repository/io/opentelemetry/opentelemetry-semconv/1.24.0-alpha/opentelemetry-semconv-1.24.0-alpha.jar:/Users/domda1/.m2/repository/io/ous/jtoml/2.0.0/jtoml-2.0.0.jar:/Users/domda1/.m2/repository/net/bytebuddy/byte-buddy/1.14.2/byte-buddy-1.14.2.jar:/Users/domda1/.m2/repository/org/apache/commons/commons-exec/1.3/commons-exec-1.3.jar:/Users/domda1/.m2/repository/org/asynchttpclient/async-http-client/2.12.3/async-http-client-2.12.3.jar:/Users/domda1/.m2/repository/org/asynchttpclient/async-http-client-netty-utils/2.12.3/async-http-client-netty-utils-2.12.3.jar:/Users/domda1/.m2/repository/io/netty/netty-codec-socks/4.1.60.Final/netty-codec-socks-4.1.60.Final.jar:/Users/domda1/.m2/repository/io/netty/netty-handler-proxy/4.1.60.Final/netty-handler-proxy-4.1.60.Final.jar:/Users/domda1/.m2/repository/io/netty/netty-transport-native-epoll/4.1.60.Final/netty-transport-native-epoll-4.1.60.Final-linux-x86_64.jar:/Users/domda1/.m2/repository/io/netty/netty-transport-native-kqueue/4.1.60.Final/netty-transport-native-kqueue-4.1.60.Final-osx-x86_64.jar:/Users/domda1/.m2/repository/org/reactivestreams/reactive-streams/1.0.3/reactive-streams-1.0.3.jar:/Users/domda1/.m2/repository/com/typesafe/netty/netty-reactive-streams/2.0.4/netty-reactive-streams-2.0.4.jar:/Users/domda1/.m2/repository/com/sun/activation/jakarta.activation/1.2.2/jakarta.activation-1.2.2.jar:/Users/domda1/.m2/repository/org/seleniumhq/selenium/selenium-safari-driver/4.8.3/selenium-safari-driver-4.8.3.jar:/Users/domda1/.m2/repository/org/seleniumhq/selenium/selenium-support/4.8.3/selenium-support-4.8.3.jar:/Users/domda1/.m2/repository/io/cucumber/cucumber-testng/7.0.0-RC1/cucumber-testng-7.0.0-RC1.jar:/Users/domda1/.m2/repository/org/testng/testng/7.4.0/testng-7.4.0.jar:/Users/domda1/.m2/repository/org/webjars/jquery/3.5.1/jquery-3.5.1.jar:/Users/domda1/.m2/repository/io/cucumber/cucumber-picocontainer/7.0.0-RC1/cucumber-picocontainer-7.0.0-RC1.jar:/Users/domda1/.m2/repository/org/picocontainer/picocontainer/2.15/picocontainer-2.15.jar:/Users/domda1/.m2/repository/io/github/bonigarcia/webdrivermanager/5.3.2/webdrivermanager-5.3.2.jar:/Users/domda1/.m2/repository/org/slf4j/slf4j-api/2.0.6/slf4j-api-2.0.6.jar:/Users/domda1/.m2/repository/com/google/code/gson/gson/2.10.1/gson-2.10.1.jar:/Users/domda1/.m2/repository/com/github/docker-java/docker-java/3.2.14/docker-java-3.2.14.jar:/Users/domda1/.m2/repository/com/github/docker-java/docker-java-core/3.2.14/docker-java-core-3.2.14.jar:/Users/domda1/.m2/repository/com/github/docker-java/docker-java-api/3.2.14/docker-java-api-3.2.14.jar:/Users/domda1/.m2/repository/com/fasterxml/jackson/core/jackson-annotations/2.10.3/jackson-annotations-2.10.3.jar:/Users/domda1/.m2/repository/commons-io/commons-io/2.6/commons-io-2.6.jar:/Users/domda1/.m2/repository/org/apache/commons/commons-compress/1.21/commons-compress-1.21.jar:/Users/domda1/.m2/repository/com/fasterxml/jackson/core/jackson-databind/2.10.3/jackson-databind-2.10.3.jar:/Users/domda1/.m2/repository/com/fasterxml/jackson/core/jackson-core/2.10.3/jackson-core-2.10.3.jar:/Users/domda1/.m2/repository/org/bouncycastle/bcpkix-jdk15on/1.64/bcpkix-jdk15on-1.64.jar:/Users/domda1/.m2/repository/org/bouncycastle/bcprov-jdk15on/1.64/bcprov-jdk15on-1.64.jar:/Users/domda1/.m2/repository/org/slf4j/jcl-over-slf4j/1.7.30/jcl-over-slf4j-1.7.30.jar:/Users/domda1/.m2/repository/com/github/docker-java/docker-java-transport-httpclient5/3.2.14/docker-java-transport-httpclient5-3.2.14.jar:/Users/domda1/.m2/repository/com/github/docker-java/docker-java-transport/3.2.14/docker-java-transport-3.2.14.jar:/Users/domda1/.m2/repository/net/java/dev/jna/jna/5.12.1/jna-5.12.1.jar:/Users/domda1/.m2/repository/org/brotli/dec/0.1.2/dec-0.1.2.jar:/Users/domda1/.m2/repository/org/apache/commons/commons-lang3/3.12.0/commons-lang3-3.12.0.jar:/Users/domda1/.m2/repository/org/apache/httpcomponents/client5/httpclient5/5.2.1/httpclient5-5.2.1.jar:/Users/domda1/.m2/repository/org/apache/httpcomponents/core5/httpcore5/5.2/httpcore5-5.2.jar:/Users/domda1/.m2/repository/org/apache/httpcomponents/core5/httpcore5-h2/5.2/httpcore5-h2-5.2.jar:/Users/domda1/.m2/repository/io/rest-assured/rest-assured/4.4.0/rest-assured-4.4.0.jar:/Users/domda1/.m2/repository/org/codehaus/groovy/groovy/3.0.8/groovy-3.0.8.jar:/Users/domda1/.m2/repository/org/codehaus/groovy/groovy-xml/3.0.8/groovy-xml-3.0.8.jar:/Users/domda1/.m2/repository/org/apache/httpcomponents/httpclient/4.5.13/httpclient-4.5.13.jar:/Users/domda1/.m2/repository/org/apache/httpcomponents/httpcore/4.4.13/httpcore-4.4.13.jar:/Users/domda1/.m2/repository/commons-logging/commons-logging/1.2/commons-logging-1.2.jar:/Users/domda1/.m2/repository/commons-codec/commons-codec/1.11/commons-codec-1.11.jar:/Users/domda1/.m2/repository/org/apache/httpcomponents/httpmime/4.5.13/httpmime-4.5.13.jar:/Users/domda1/.m2/repository/org/hamcrest/hamcrest/2.1/hamcrest-2.1.jar:/Users/domda1/.m2/repository/org/ccil/cowan/tagsoup/tagsoup/1.2.1/tagsoup-1.2.1.jar:/Users/domda1/.m2/repository/io/rest-assured/json-path/4.4.0/json-path-4.4.0.jar:/Users/domda1/.m2/repository/org/codehaus/groovy/groovy-json/3.0.8/groovy-json-3.0.8.jar:/Users/domda1/.m2/repository/io/rest-assured/rest-assured-common/4.4.0/rest-assured-common-4.4.0.jar:/Users/domda1/.m2/repository/io/rest-assured/xml-path/4.4.0/xml-path-4.4.0.jar:/Users/domda1/.m2/repository/jakarta/xml/bind/jakarta.xml.bind-api/2.3.3/jakarta.xml.bind-api-2.3.3.jar:/Users/domda1/.m2/repository/jakarta/activation/jakarta.activation-api/1.2.2/jakarta.activation-api-1.2.2.jar:/Users/domda1/.m2/repository/com/sun/xml/bind/jaxb-impl/2.3.3/jaxb-impl-2.3.3.jar:/Users/domda1/.m2/repository/com/google/guava/guava/31.0.1-jre/guava-31.0.1-jre.jar:/Users/domda1/.m2/repository/com/google/guava/failureaccess/1.0.1/failureaccess-1.0.1.jar:/Users/domda1/.m2/repository/com/google/guava/listenablefuture/9999.0-empty-to-avoid-conflict-with-guava/listenablefuture-9999.0-empty-to-avoid-conflict-with-guava.jar:/Users/domda1/.m2/repository/com/google/code/findbugs/jsr305/3.0.2/jsr305-3.0.2.jar:/Users/domda1/.m2/repository/org/checkerframework/checker-qual/3.12.0/checker-qual-3.12.0.jar:/Users/domda1/.m2/repository/com/google/errorprone/error_prone_annotations/2.7.1/error_prone_annotations-2.7.1.jar:/Users/domda1/.m2/repository/com/google/j2objc/j2objc-annotations/1.3/j2objc-annotations-1.3.jar:"/>
    <property name="java.vm.vendor" value="Oracle Corporation"/>
    <property name="sun.arch.data.model" value="64"/>
    <property name="java.vendor.url" value="https://java.oracle.com/"/>
    <property name="user.timezone" value="Europe/London"/>
    <property name="os.name" value="Mac OS X"/>
    <property name="java.vm.specification.version" value="17"/>
    <property name="sun.java.launcher" value="SUN_STANDARD"/>
    <property name="user.country" value="GB"/>
    <property name="sun.boot.library.path" value="/Library/Java/JavaVirtualMachines/jdk-17.jdk/Contents/Home/lib"/>
    <property name="sun.java.command" value="/Users/domda1/personalProjects/CucumberUIandAPi/target/surefire/surefirebooter12526886666530146727.jar /Users/domda1/personalProjects/CucumberUIandAPi/target/surefire 2023-06-05T17-52-36_079-jvmRun1 surefire3846532816364430510tmp surefire_010315209150041121152tmp"/>
    <property name="http.nonProxyHosts" value="local|*.local|169.254/16|*.169.254/16"/>
    <property name="jdk.debug" value="release"/>
    <property name="surefire.test.class.path" value="/Users/domda1/personalProjects/CucumberUIandAPi/target/test-classes:/Users/domda1/personalProjects/CucumberUIandAPi/target/classes:/Users/domda1/.m2/repository/io/cucumber/cucumber-java/7.0.0-RC1/cucumber-java-7.0.0-RC1.jar:/Users/domda1/.m2/repository/io/cucumber/cucumber-core/7.0.0-RC1/cucumber-core-7.0.0-RC1.jar:/Users/domda1/.m2/repository/io/cucumber/cucumber-gherkin/7.0.0-RC1/cucumber-gherkin-7.0.0-RC1.jar:/Users/domda1/.m2/repository/io/cucumber/cucumber-gherkin-messages/7.0.0-RC1/cucumber-gherkin-messages-7.0.0-RC1.jar:/Users/domda1/.m2/repository/io/cucumber/messages/17.1.0/messages-17.1.0.jar:/Users/domda1/.m2/repository/io/cucumber/tag-expressions/4.0.0/tag-expressions-4.0.0.jar:/Users/domda1/.m2/repository/io/cucumber/cucumber-expressions/12.1.3/cucumber-expressions-12.1.3.jar:/Users/domda1/.m2/repository/io/cucumber/datatable/7.0.0-RC1/datatable-7.0.0-RC1.jar:/Users/domda1/.m2/repository/io/cucumber/cucumber-plugin/7.0.0-RC1/cucumber-plugin-7.0.0-RC1.jar:/Users/domda1/.m2/repository/io/cucumber/docstring/7.0.0-RC1/docstring-7.0.0-RC1.jar:/Users/domda1/.m2/repository/io/cucumber/html-formatter/17.0.0/html-formatter-17.0.0.jar:/Users/domda1/.m2/repository/io/cucumber/create-meta/6.0.1/create-meta-6.0.1.jar:/Users/domda1/.m2/repository/org/apiguardian/apiguardian-api/1.1.2/apiguardian-api-1.1.2.jar:/Users/domda1/.m2/repository/org/seleniumhq/selenium/selenium-java/4.8.3/selenium-java-4.8.3.jar:/Users/domda1/.m2/repository/org/seleniumhq/selenium/selenium-api/4.8.3/selenium-api-4.8.3.jar:/Users/domda1/.m2/repository/org/seleniumhq/selenium/selenium-chrome-driver/4.8.3/selenium-chrome-driver-4.8.3.jar:/Users/domda1/.m2/repository/com/google/auto/service/auto-service-annotations/1.0.1/auto-service-annotations-1.0.1.jar:/Users/domda1/.m2/repository/com/google/auto/service/auto-service/1.0.1/auto-service-1.0.1.jar:/Users/domda1/.m2/repository/com/google/auto/auto-common/1.2/auto-common-1.2.jar:/Users/domda1/.m2/repository/org/seleniumhq/selenium/selenium-chromium-driver/4.8.3/selenium-chromium-driver-4.8.3.jar:/Users/domda1/.m2/repository/org/seleniumhq/selenium/selenium-json/4.8.3/selenium-json-4.8.3.jar:/Users/domda1/.m2/repository/org/seleniumhq/selenium/selenium-manager/4.8.3/selenium-manager-4.8.3.jar:/Users/domda1/.m2/repository/org/seleniumhq/selenium/selenium-devtools-v109/4.8.3/selenium-devtools-v109-4.8.3.jar:/Users/domda1/.m2/repository/org/seleniumhq/selenium/selenium-devtools-v110/4.8.3/selenium-devtools-v110-4.8.3.jar:/Users/domda1/.m2/repository/org/seleniumhq/selenium/selenium-devtools-v111/4.8.3/selenium-devtools-v111-4.8.3.jar:/Users/domda1/.m2/repository/org/seleniumhq/selenium/selenium-devtools-v85/4.8.3/selenium-devtools-v85-4.8.3.jar:/Users/domda1/.m2/repository/org/seleniumhq/selenium/selenium-edge-driver/4.8.3/selenium-edge-driver-4.8.3.jar:/Users/domda1/.m2/repository/org/seleniumhq/selenium/selenium-firefox-driver/4.8.3/selenium-firefox-driver-4.8.3.jar:/Users/domda1/.m2/repository/org/seleniumhq/selenium/selenium-http/4.8.3/selenium-http-4.8.3.jar:/Users/domda1/.m2/repository/dev/failsafe/failsafe/3.3.1/failsafe-3.3.1.jar:/Users/domda1/.m2/repository/org/seleniumhq/selenium/selenium-ie-driver/4.8.3/selenium-ie-driver-4.8.3.jar:/Users/domda1/.m2/repository/org/seleniumhq/selenium/selenium-remote-driver/4.8.3/selenium-remote-driver-4.8.3.jar:/Users/domda1/.m2/repository/com/beust/jcommander/1.82/jcommander-1.82.jar:/Users/domda1/.m2/repository/io/netty/netty-buffer/4.1.90.Final/netty-buffer-4.1.90.Final.jar:/Users/domda1/.m2/repository/io/netty/netty-codec-http/4.1.90.Final/netty-codec-http-4.1.90.Final.jar:/Users/domda1/.m2/repository/io/netty/netty-codec/4.1.90.Final/netty-codec-4.1.90.Final.jar:/Users/domda1/.m2/repository/io/netty/netty-handler/4.1.90.Final/netty-handler-4.1.90.Final.jar:/Users/domda1/.m2/repository/io/netty/netty-common/4.1.90.Final/netty-common-4.1.90.Final.jar:/Users/domda1/.m2/repository/io/netty/netty-transport-classes-epoll/4.1.90.Final/netty-transport-classes-epoll-4.1.90.Final.jar:/Users/domda1/.m2/repository/io/netty/netty-transport-classes-kqueue/4.1.90.Final/netty-transport-classes-kqueue-4.1.90.Final.jar:/Users/domda1/.m2/repository/io/netty/netty-transport-native-epoll/4.1.90.Final/netty-transport-native-epoll-4.1.90.Final.jar:/Users/domda1/.m2/repository/io/netty/netty-transport-native-kqueue/4.1.90.Final/netty-transport-native-kqueue-4.1.90.Final.jar:/Users/domda1/.m2/repository/io/netty/netty-transport-native-unix-common/4.1.90.Final/netty-transport-native-unix-common-4.1.90.Final.jar:/Users/domda1/.m2/repository/io/netty/netty-transport/4.1.90.Final/netty-transport-4.1.90.Final.jar:/Users/domda1/.m2/repository/io/netty/netty-resolver/4.1.90.Final/netty-resolver-4.1.90.Final.jar:/Users/domda1/.m2/repository/io/opentelemetry/opentelemetry-api/1.24.0/opentelemetry-api-1.24.0.jar:/Users/domda1/.m2/repository/io/opentelemetry/opentelemetry-context/1.24.0/opentelemetry-context-1.24.0.jar:/Users/domda1/.m2/repository/io/opentelemetry/opentelemetry-exporter-logging/1.24.0/opentelemetry-exporter-logging-1.24.0.jar:/Users/domda1/.m2/repository/io/opentelemetry/opentelemetry-sdk-metrics/1.24.0/opentelemetry-sdk-metrics-1.24.0.jar:/Users/domda1/.m2/repository/io/opentelemetry/opentelemetry-sdk-logs/1.24.0-alpha/opentelemetry-sdk-logs-1.24.0-alpha.jar:/Users/domda1/.m2/repository/io/opentelemetry/opentelemetry-api-logs/1.24.0-alpha/opentelemetry-api-logs-1.24.0-alpha.jar:/Users/domda1/.m2/repository/io/opentelemetry/opentelemetry-api-events/1.24.0-alpha/opentelemetry-api-events-1.24.0-alpha.jar:/Users/domda1/.m2/repository/io/opentelemetry/opentelemetry-sdk-common/1.24.0/opentelemetry-sdk-common-1.24.0.jar:/Users/domda1/.m2/repository/io/opentelemetry/opentelemetry-sdk-extension-autoconfigure-spi/1.24.0/opentelemetry-sdk-extension-autoconfigure-spi-1.24.0.jar:/Users/domda1/.m2/repository/io/opentelemetry/opentelemetry-sdk-extension-autoconfigure/1.24.0-alpha/opentelemetry-sdk-extension-autoconfigure-1.24.0-alpha.jar:/Users/domda1/.m2/repository/io/opentelemetry/opentelemetry-sdk-trace/1.24.0/opentelemetry-sdk-trace-1.24.0.jar:/Users/domda1/.m2/repository/io/opentelemetry/opentelemetry-sdk/1.24.0/opentelemetry-sdk-1.24.0.jar:/Users/domda1/.m2/repository/io/opentelemetry/opentelemetry-semconv/1.24.0-alpha/opentelemetry-semconv-1.24.0-alpha.jar:/Users/domda1/.m2/repository/io/ous/jtoml/2.0.0/jtoml-2.0.0.jar:/Users/domda1/.m2/repository/net/bytebuddy/byte-buddy/1.14.2/byte-buddy-1.14.2.jar:/Users/domda1/.m2/repository/org/apache/commons/commons-exec/1.3/commons-exec-1.3.jar:/Users/domda1/.m2/repository/org/asynchttpclient/async-http-client/2.12.3/async-http-client-2.12.3.jar:/Users/domda1/.m2/repository/org/asynchttpclient/async-http-client-netty-utils/2.12.3/async-http-client-netty-utils-2.12.3.jar:/Users/domda1/.m2/repository/io/netty/netty-codec-socks/4.1.60.Final/netty-codec-socks-4.1.60.Final.jar:/Users/domda1/.m2/repository/io/netty/netty-handler-proxy/4.1.60.Final/netty-handler-proxy-4.1.60.Final.jar:/Users/domda1/.m2/repository/io/netty/netty-transport-native-epoll/4.1.60.Final/netty-transport-native-epoll-4.1.60.Final-linux-x86_64.jar:/Users/domda1/.m2/repository/io/netty/netty-transport-native-kqueue/4.1.60.Final/netty-transport-native-kqueue-4.1.60.Final-osx-x86_64.jar:/Users/domda1/.m2/repository/org/reactivestreams/reactive-streams/1.0.3/reactive-streams-1.0.3.jar:/Users/domda1/.m2/repository/com/typesafe/netty/netty-reactive-streams/2.0.4/netty-reactive-streams-2.0.4.jar:/Users/domda1/.m2/repository/com/sun/activation/jakarta.activation/1.2.2/jakarta.activation-1.2.2.jar:/Users/domda1/.m2/repository/org/seleniumhq/selenium/selenium-safari-driver/4.8.3/selenium-safari-driver-4.8.3.jar:/Users/domda1/.m2/repository/org/seleniumhq/selenium/selenium-support/4.8.3/selenium-support-4.8.3.jar:/Users/domda1/.m2/repository/io/cucumber/cucumber-testng/7.0.0-RC1/cucumber-testng-7.0.0-RC1.jar:/Users/domda1/.m2/repository/org/testng/testng/7.4.0/testng-7.4.0.jar:/Users/domda1/.m2/repository/org/webjars/jquery/3.5.1/jquery-3.5.1.jar:/Users/domda1/.m2/repository/io/cucumber/cucumber-picocontainer/7.0.0-RC1/cucumber-picocontainer-7.0.0-RC1.jar:/Users/domda1/.m2/repository/org/picocontainer/picocontainer/2.15/picocontainer-2.15.jar:/Users/domda1/.m2/repository/io/github/bonigarcia/webdrivermanager/5.3.2/webdrivermanager-5.3.2.jar:/Users/domda1/.m2/repository/org/slf4j/slf4j-api/2.0.6/slf4j-api-2.0.6.jar:/Users/domda1/.m2/repository/com/google/code/gson/gson/2.10.1/gson-2.10.1.jar:/Users/domda1/.m2/repository/com/github/docker-java/docker-java/3.2.14/docker-java-3.2.14.jar:/Users/domda1/.m2/repository/com/github/docker-java/docker-java-core/3.2.14/docker-java-core-3.2.14.jar:/Users/domda1/.m2/repository/com/github/docker-java/docker-java-api/3.2.14/docker-java-api-3.2.14.jar:/Users/domda1/.m2/repository/com/fasterxml/jackson/core/jackson-annotations/2.10.3/jackson-annotations-2.10.3.jar:/Users/domda1/.m2/repository/commons-io/commons-io/2.6/commons-io-2.6.jar:/Users/domda1/.m2/repository/org/apache/commons/commons-compress/1.21/commons-compress-1.21.jar:/Users/domda1/.m2/repository/com/fasterxml/jackson/core/jackson-databind/2.10.3/jackson-databind-2.10.3.jar:/Users/domda1/.m2/repository/com/fasterxml/jackson/core/jackson-core/2.10.3/jackson-core-2.10.3.jar:/Users/domda1/.m2/repository/org/bouncycastle/bcpkix-jdk15on/1.64/bcpkix-jdk15on-1.64.jar:/Users/domda1/.m2/repository/org/bouncycastle/bcprov-jdk15on/1.64/bcprov-jdk15on-1.64.jar:/Users/domda1/.m2/repository/org/slf4j/jcl-over-slf4j/1.7.30/jcl-over-slf4j-1.7.30.jar:/Users/domda1/.m2/repository/com/github/docker-java/docker-java-transport-httpclient5/3.2.14/docker-java-transport-httpclient5-3.2.14.jar:/Users/domda1/.m2/repository/com/github/docker-java/docker-java-transport/3.2.14/docker-java-transport-3.2.14.jar:/Users/domda1/.m2/repository/net/java/dev/jna/jna/5.12.1/jna-5.12.1.jar:/Users/domda1/.m2/repository/org/brotli/dec/0.1.2/dec-0.1.2.jar:/Users/domda1/.m2/repository/org/apache/commons/commons-lang3/3.12.0/commons-lang3-3.12.0.jar:/Users/domda1/.m2/repository/org/apache/httpcomponents/client5/httpclient5/5.2.1/httpclient5-5.2.1.jar:/Users/domda1/.m2/repository/org/apache/httpcomponents/core5/httpcore5/5.2/httpcore5-5.2.jar:/Users/domda1/.m2/repository/org/apache/httpcomponents/core5/httpcore5-h2/5.2/httpcore5-h2-5.2.jar:/Users/domda1/.m2/repository/io/rest-assured/rest-assured/4.4.0/rest-assured-4.4.0.jar:/Users/domda1/.m2/repository/org/codehaus/groovy/groovy/3.0.8/groovy-3.0.8.jar:/Users/domda1/.m2/repository/org/codehaus/groovy/groovy-xml/3.0.8/groovy-xml-3.0.8.jar:/Users/domda1/.m2/repository/org/apache/httpcomponents/httpclient/4.5.13/httpclient-4.5.13.jar:/Users/domda1/.m2/repository/org/apache/httpcomponents/httpcore/4.4.13/httpcore-4.4.13.jar:/Users/domda1/.m2/repository/commons-logging/commons-logging/1.2/commons-logging-1.2.jar:/Users/domda1/.m2/repository/commons-codec/commons-codec/1.11/commons-codec-1.11.jar:/Users/domda1/.m2/repository/org/apache/httpcomponents/httpmime/4.5.13/httpmime-4.5.13.jar:/Users/domda1/.m2/repository/org/hamcrest/hamcrest/2.1/hamcrest-2.1.jar:/Users/domda1/.m2/repository/org/ccil/cowan/tagsoup/tagsoup/1.2.1/tagsoup-1.2.1.jar:/Users/domda1/.m2/repository/io/rest-assured/json-path/4.4.0/json-path-4.4.0.jar:/Users/domda1/.m2/repository/org/codehaus/groovy/groovy-json/3.0.8/groovy-json-3.0.8.jar:/Users/domda1/.m2/repository/io/rest-assured/rest-assured-common/4.4.0/rest-assured-common-4.4.0.jar:/Users/domda1/.m2/repository/io/rest-assured/xml-path/4.4.0/xml-path-4.4.0.jar:/Users/domda1/.m2/repository/jakarta/xml/bind/jakarta.xml.bind-api/2.3.3/jakarta.xml.bind-api-2.3.3.jar:/Users/domda1/.m2/repository/jakarta/activation/jakarta.activation-api/1.2.2/jakarta.activation-api-1.2.2.jar:/Users/domda1/.m2/repository/com/sun/xml/bind/jaxb-impl/2.3.3/jaxb-impl-2.3.3.jar:/Users/domda1/.m2/repository/com/google/guava/guava/31.0.1-jre/guava-31.0.1-jre.jar:/Users/domda1/.m2/repository/com/google/guava/failureaccess/1.0.1/failureaccess-1.0.1.jar:/Users/domda1/.m2/repository/com/google/guava/listenablefuture/9999.0-empty-to-avoid-conflict-with-guava/listenablefuture-9999.0-empty-to-avoid-conflict-with-guava.jar:/Users/domda1/.m2/repository/com/google/code/findbugs/jsr305/3.0.2/jsr305-3.0.2.jar:/Users/domda1/.m2/repository/org/checkerframework/checker-qual/3.12.0/checker-qual-3.12.0.jar:/Users/domda1/.m2/repository/com/google/errorprone/error_prone_annotations/2.7.1/error_prone_annotations-2.7.1.jar:/Users/domda1/.m2/repository/com/google/j2objc/j2objc-annotations/1.3/j2objc-annotations-1.3.jar:"/>
    <property name="sun.cpu.endian" value="little"/>
    <property name="user.home" value="/Users/domda1"/>
    <property name="user.language" value="en"/>
    <property name="java.specification.vendor" value="Oracle Corporation"/>
    <property name="java.version.date" value="2023-01-17"/>
    <property name="java.home" value="/Library/Java/JavaVirtualMachines/jdk-17.jdk/Contents/Home"/>
    <property name="file.separator" value="/"/>
    <property name="basedir" value="/Users/domda1/personalProjects/CucumberUIandAPi"/>
    <property name="java.vm.compressedOopsMode" value="Zero based"/>
    <property name="line.separator" value="&#10;"/>
    <property name="java.vm.specification.vendor" value="Oracle Corporation"/>
    <property name="java.specification.name" value="Java Platform API Specification"/>
    <property name="surefire.real.class.path" value="/Users/domda1/personalProjects/CucumberUIandAPi/target/surefire/surefirebooter12526886666530146727.jar"/>
    <property name="sun.management.compiler" value="HotSpot 64-Bit Tiered Compilers"/>
    <property name="ftp.nonProxyHosts" value="local|*.local|169.254/16|*.169.254/16"/>
    <property name="java.runtime.version" value="17.0.6+9-LTS-190"/>
    <property name="user.name" value="domda1"/>
    <property name="path.separator" value=":"/>
    <property name="os.version" value="13.4"/>
    <property name="java.runtime.name" value="Java(TM) SE Runtime Environment"/>
    <property name="file.encoding" value="UTF-8"/>
    <property name="java.vm.name" value="Java HotSpot(TM) 64-Bit Server VM"/>
    <property name="localRepository" value="/Users/domda1/.m2/repository"/>
    <property name="java.vendor.url.bug" value="https://bugreport.java.com/bugreport/"/>
    <property name="java.io.tmpdir" value="/var/folders/ky/_llpg5rd2g391crd_h9n57mrbs_ffs/T/"/>
    <property name="java.version" value="17.0.6"/>
    <property name="user.dir" value="/Users/domda1/personalProjects/CucumberUIandAPi"/>
    <property name="os.arch" value="aarch64"/>
    <property name="java.vm.specification.name" value="Java Virtual Machine Specification"/>
    <property name="native.encoding" value="UTF-8"/>
    <property name="java.library.path" value="/Users/domda1/Library/Java/Extensions:/Library/Java/Extensions:/Network/Library/Java/Extensions:/System/Library/Java/Extensions:/usr/lib/java:."/>
    <property name="java.vm.info" value="mixed mode, sharing"/>
    <property name="java.vendor" value="Oracle Corporation"/>
    <property name="java.vm.version" value="17.0.6+9-LTS-190"/>
    <property name="sun.io.unicode.encoding" value="UnicodeBig"/>
    <property name="socksNonProxyHosts" value="local|*.local|169.254/16|*.169.254/16"/>
    <property name="java.class.version" value="61.0"/>
  </properties>
  <testcase name="runScenario[&quot;Add one quantity from Store&quot;, &quot;Optional[Add to cart]&quot;](2)" classname="acceptence.runners.MyTestNGRunnerTest" time="9.597">
    <system-out><![CDATA[
@smoke
Scenario Outline: Add one quantity from Store       &amp#27;[90m# src/test/resources/acceptence/add_to_cart.feature:11&amp#27;[0m

@smoke
Scenario Outline: Add one quantity from Store  &amp#27;[90m# src/test/resources/acceptence/add_to_cart.feature:10&amp#27;[0m

Scenario: using default payment option         &amp#27;[90m# src/test/resources/acceptence/guest_place_an_order.feature:3&amp#27;[0m
BEFORE: THREAD ID : 19,SCENARIO NAME: using default payment option
BEFORE: THREAD ID : 17,SCENARIO NAME: Add one quantity from Store
BEFORE: THREAD ID : 18,SCENARIO NAME: Add one quantity from Store
  &amp#27;[32mGiven &amp#27;[0m&amp#27;[32mI'm on the Store Page&amp#27;[0m                       &amp#27;[90m# acceptence.stepdefinations.StoreStepDefinitions.iMOnTheStorePage()&amp#27;[0m
  &amp#27;[32mGiven &amp#27;[0m&amp#27;[32mI'm on the Store Page&amp#27;[0m                  &amp#27;[90m# acceptence.stepdefinations.StoreStepDefinitions.iMOnTheStorePage()&amp#27;[0m
  &amp#27;[32mGiven &amp#27;[0m&amp#27;[32mI'm a guest customer&amp#27;[0m                   &amp#27;[90m# acceptence.stepdefinations.CustomerStepDefinitions.iMAGuestCustomer()&amp#27;[0m
  &amp#27;[32mAnd &amp#27;[0m&amp#27;[32mmy billing details are&amp#27;[0m                   &amp#27;[90m# acceptence.stepdefinations.CustomerStepDefinitions.myBillingDetailsAre(acceptence.domainobjects.BillingDetails)&amp#27;[0m
    | firstname | lastname | country            | address_line1     | city  | state | zip   | email              |
    | demo      | user     | United States (US) | 6300 Spring Creek | Plano | Texas | 75024 | askomdch@gmail.com |
Request method:	POST
Request URI:	https://askomdch.com/?wc-ajax=add_to_cart
Proxy:			<none>
Request params:	<none>
Query params:	<none>
Form params:	product_sku=
				quantity=1
				product_id=1215
Path params:	<none>
Headers:		Accept=*/*
				Content-Type=application/x-www-form-urlencoded; charset=ISO-8859-1
Cookies:		<none>
Multiparts:		<none>
Body:			<none>
  &amp#27;[32mWhen &amp#27;[0m&amp#27;[32mI add a &amp#27;[0m&amp#27;[32m&amp#27;[1m"Blue Shoes"&amp#27;[0m&amp#27;[32m to the cart&amp#27;[0m        &amp#27;[90m# acceptence.stepdefinations.StoreStepDefinitions.iAddAToTheCart(acceptence.domainobjects.Product)&amp#27;[0m
  &amp#27;[32mWhen &amp#27;[0m&amp#27;[32mI add a &amp#27;[0m&amp#27;[32m&amp#27;[1m"Anchor Bracelet"&amp#27;[0m&amp#27;[32m to the cart&amp#27;[0m        &amp#27;[90m# acceptence.stepdefinations.StoreStepDefinitions.iAddAToTheCart(acceptence.domainobjects.Product)&amp#27;[0m
  &amp#27;[32mThen &amp#27;[0m&amp#27;[32mI should see &amp#27;[0m&amp#27;[32m&amp#27;[1m1&amp#27;[0m&amp#27;[32m &amp#27;[0m&amp#27;[32m&amp#27;[1m"Blue Shoes"&amp#27;[0m&amp#27;[32m in the cart&amp#27;[0m &amp#27;[90m# acceptence.stepdefinations.CartStepDefinitions.iShouldSeeInTheCart(int,acceptence.domainobjects.Product)&amp#27;[0m
AFTER: THREAD ID : 17,SCENARIO NAME: Add one quantity from Store
  &amp#27;[32mThen &amp#27;[0m&amp#27;[32mI should see &amp#27;[0m&amp#27;[32m&amp#27;[1m1&amp#27;[0m&amp#27;[32m &amp#27;[0m&amp#27;[32m&amp#27;[1m"Anchor Bracelet"&amp#27;[0m&amp#27;[32m in the cart&amp#27;[0m &amp#27;[90m# acceptence.stepdefinations.CartStepDefinitions.iShouldSeeInTheCart(int,acceptence.domainobjects.Product)&amp#27;[0m
AFTER: THREAD ID : 18,SCENARIO NAME: Add one quantity from Store
HTTP/1.1 200 OK
Date: Mon, 05 Jun 2023 16:52:43 GMT
Content-Type: application/json; charset=UTF-8
Transfer-Encoding: chunked
Connection: keep-alive
vary: Accept-Encoding
x-content-type-options: nosniff
x-content-type-options: nosniff
x-robots-tag: noindex
set-cookie: woocommerce_items_in_cart=1; path=/
expires: Wed, 11 Jan 1984 05:00:00 GMT
Cache-Control: no-cache, must-revalidate, max-age=0
strict-transport-security: max-age=63072000
x-frame-options: SAMEORIGIN
x-xss-protection: 1; mode=block
Content-Encoding: gzip
CF-Cache-Status: DYNAMIC
set-cookie: woocommerce_cart_hash=42e65b245308ba4f486b61612707a993; path=/
set-cookie: wp_woocommerce_session_e39c30ea93030240fdcfed1ddf385ba1=t_b4ce83bd9f6844793c7f3752efc8aa%7C%7C1686156763%7C%7C1686153163%7C%7C325d36439423714815f2826cd25f6da0; expires=Wed, 07-Jun-2023 16:52:43 GMT; Max-Age=172800; path=/; secure; HttpOnly
set-cookie: woocommerce_items_in_cart=1; path=/
set-cookie: woocommerce_cart_hash=077edd270071e91cf806e27ea69d99f4; path=/
set-cookie: wp_woocommerce_session_e39c30ea93030240fdcfed1ddf385ba1=t_b4ce83bd9f6844793c7f3752efc8aa%7C%7C1686156763%7C%7C1686153163%7C%7C325d36439423714815f2826cd25f6da0; expires=Wed, 07-Jun-2023 16:52:43 GMT; Max-Age=172800; path=/; secure; HttpOnly
Report-To: {"endpoints":[{"url":"https:\/\/a.nel.cloudflare.com\/report\/v3?s=DZVWl5gf442PG7rWjs3eVx6vYOCuAHKgFwUvLP7pAVM%2B0XM8X4Wjb2JehAqeLrYY%2BR2zfPkTJ8lCi7wLvleCX%2Bs5BQEYzMCYiAJCvBimiwgy93p4T4ue1tl%2BQVaIffY%3D"}],"group":"cf-nel","max_age":604800}
NEL: {"success_fraction":0,"report_to":"cf-nel","max_age":604800}
Server: cloudflare
CF-RAY: 7d29ed79ff817572-LHR
alt-svc: h3=":443"; ma=86400

{
    "fragments": {
        "div.widget_shopping_cart_content": "<div class=\"widget_shopping_cart_content\">\n\n\t<ul class=\"woocommerce-mini-cart cart_list product_list_widget \">\n\t\t\t\t\t\t<li class=\"woocommerce-mini-cart-item mini_cart_item\">\n\t\t\t\t\t<a href=\"https://askomdch.com/cart/?remove_item=a4d2f0d23dcc84ce983ff9157f8b7f88&#038;_wpnonce=b74fd0415b\" class=\"remove remove_from_cart_button\" aria-label=\"Remove this item\" data-product_id=\"1215\" data-cart_item_key=\"a4d2f0d23dcc84ce983ff9157f8b7f88\" data-product_sku=\"\">&times;</a>\t\t\t\t\t\t\t\t\t\t\t<a href=\"https://askomdch.com/product/blue-shoes/\">\n\t\t\t\t\t\t\t<img width=\"300\" height=\"300\" src=\"https://askomdch.com/wp-content/uploads/2021/06/pro-14-300x300.jpg\" class=\"attachment-woocommerce_thumbnail size-woocommerce_thumbnail\" alt=\"\" srcset=\"https://askomdch.com/wp-content/uploads/2021/06/pro-14-300x300.jpg 300w, https://askomdch.com/wp-content/uploads/2021/06/pro-14-150x150.jpg 150w, https://askomdch.com/wp-content/uploads/2021/06/pro-14-100x100.jpg 100w, https://askomdch.com/wp-content/uploads/2021/06/pro-14.jpg 600w\" sizes=\"(max-width: 300px) 100vw, 300px\" />Blue Shoes\t\t\t\t\t\t</a>\n\t\t\t\t\t\t\t\t\t\t\t\t\t\t\t<span class=\"quantity\">1 &times; <span class=\"woocommerce-Price-amount amount\"><bdi><span class=\"woocommerce-Price-currencySymbol\">&#36;</span>45.00</bdi></span></span>\t\t\t\t</li>\n\t\t\t\t\t</ul>\n\n\t<p class=\"woocommerce-mini-cart__total total\">\n\t\t<strong>Subtotal:</strong> <span class=\"woocommerce-Price-amount amount\"><bdi><span class=\"woocommerce-Price-currencySymbol\">&#36;</span>45.00</bdi></span>\t</p>\n\n\t\n\t<p class=\"woocommerce-mini-cart__buttons buttons\"><a href=\"https://askomdch.com/cart/\" class=\"button wc-forward\">View cart</a><a href=\"https://askomdch.com/checkout/\" class=\"button checkout wc-forward\">Checkout</a></p>\n\n\t\n\n</div>",
        "a.cart-container": "\t\t\t<a class=\"cart-container\" href=\"https://askomdch.com/cart/\" title=\"View your shopping cart\">\r\n\r\n\t\t\t\t\t\t\t\t\t\t\t\t\t<div class=\"ast-cart-menu-wrap\">\r\n\t\t\t\t\t\t\t\t<span class=\"count\">\r\n\t\t\t\t\t\t\t\t\t1\t\t\t\t\t\t\t\t</span>\r\n\t\t\t\t\t\t\t</div>\r\n\t\t\t\t\t\t\t\t\t\t</a>\r\n\t\t\t"
    },
    "cart_hash": "077edd270071e91cf806e27ea69d99f4"
}
COUNTER 0: woocommerce_items_in_cart=1; path=/
COUNTER 1: woocommerce_cart_hash=42e65b245308ba4f486b61612707a993; path=/
COUNTER 2: wp_woocommerce_session_e39c30ea93030240fdcfed1ddf385ba1=t_b4ce83bd9f6844793c7f3752efc8aa%7C%7C1686156763%7C%7C1686153163%7C%7C325d36439423714815f2826cd25f6da0; expires=Wed, 07 Jun 2023 05:52:43 BST; path=/;secure;
COUNTER 3: woocommerce_items_in_cart=1; path=/
COUNTER 4: woocommerce_cart_hash=077edd270071e91cf806e27ea69d99f4; path=/
COUNTER 5: wp_woocommerce_session_e39c30ea93030240fdcfed1ddf385ba1=t_b4ce83bd9f6844793c7f3752efc8aa%7C%7C1686156763%7C%7C1686153163%7C%7C325d36439423714815f2826cd25f6da0; expires=Wed, 07 Jun 2023 05:52:43 BST; path=/;secure;
  &amp#27;[32mAnd &amp#27;[0m&amp#27;[32mI have a product in the cart&amp#27;[0m             &amp#27;[90m# acceptence.stepdefinations.StoreStepDefinitions.iHaveAProductInTheCart()&amp#27;[0m
  &amp#27;[32mAnd &amp#27;[0m&amp#27;[32mI'm on the Checkout page&amp#27;[0m                 &amp#27;[90m# acceptence.stepdefinations.CheckoutStepDefinitions.iMOnTheCheckoutPage()&amp#27;[0m
]]></system-out>
    <system-err><![CDATA[SLF4J: No SLF4J providers were found.
SLF4J: Defaulting to no-operation (NOP) logger implementation
SLF4J: See https://www.slf4j.org/codes.html#noProviders for further details.
SSttaarrttSiinngtga  CCrhthrrionomg eCDrhirvomemre eDD1r1ri4iv.v0ee.rr5  711311544...9000.. 55(733856.b9c00 9(e388f64bfc20e90e285fe4dfd2aee012253efd3d6afe6122633f03966fa6e2469-3r07e9f6sa/3ebr4a9n5-crhe-f.hse/bar9dasn/c57h3-5h@e{a0 #1(d03s/8567b53c205}9@)e{ 8#o1fn40 f5p22o}er0)t2  o56ne7 d5pd4ao
erOt1n2 l33yf0 3l86of7c562a
6lO3 n0cl96oyn lnoceaacelt4i 9co-norns enafresec/t ibaorlnaslno cwahre-deh. 
eaPalldelsao/sw5ee73 5d@s.{e
#Pe1l 0he5ta2ts}pe) s :os/ne/ cep horhtrottmp es1d:1r/1/i3v3e
crh.Ocrohnmrleoydm riveiumlorc..aocrlgh /rsceoocmunrneciittiyo-nucs oanmrsei .daelrolaotwiroendsg. 
f/Polre sasse eseec https:uu/r/gichtryo-gmcoeedrstiivnoenrss. cohnr omkieume.poiidrengrg/a tsCeihcorunosrmi etfDoyr-ri cvoseunrsg igsdeaesftreaio.tn
ions s Cofhnorr ok mseeeuDgprigeinstgvi eoChrn rsow maoesnD r ksietveapeirrnt egd s Casfheu.cr
coemseCsDhfrruiolmvleeyDr .rs
iafveer. 
wasC hrsomtaeDrtrediv esru cwcaess sfsutlalryt.e
d successfully.
Jun 05, 2023 5:52:40 PM org.openqa.selenium.devtools.CdpVersionFinder findNearestMatch
WARNING: Unable to find an exact match for CDP version 114, so returning the closest version found: 111
Jun 05, 2023 5:52:40 PM org.openqa.selenium.devtools.CdpVersionFinder findNearestMatch
WARNING: Unable to find an exact match for CDP version 114, so returning the closest version found: 111
Jun 05, 2023 5:52:40 PM org.openqa.selenium.devtools.CdpVersionFinder findNearestMatch
WARNING: Unable to find an exact match for CDP version 114, so returning the closest version found: 111
]]></system-err>
  </testcase>
  <testcase name="runScenario[&quot;Add one quantity from Store&quot;, &quot;Optional[Add to cart]&quot;](2)" classname="acceptence.runners.MyTestNGRunnerTest" time="9.598"/>
  <testcase name="runScenario[&quot;using default payment option&quot;, &quot;Optional[Place an order]&quot;](3)" classname="acceptence.runners.MyTestNGRunnerTest" time="15.115">
    <system-out><![CDATA[  &amp#27;[32mWhen &amp#27;[0m&amp#27;[32mI provide billing details&amp#27;[0m               &amp#27;[90m# acceptence.stepdefinations.CheckoutStepDefinitions.iProvideBillingDetails()&amp#27;[0m
OVERLAY SIZE2
OVERLAYS INVISIBLE
  &amp#27;[32mAnd &amp#27;[0m&amp#27;[32mI place an order&amp#27;[0m                         &amp#27;[90m# acceptence.stepdefinations.CheckoutStepDefinitions.iPlaceAnOrder()&amp#27;[0m
  &amp#27;[32mThen &amp#27;[0m&amp#27;[32mthe order should be placed successfully&amp#27;[0m &amp#27;[90m# acceptence.stepdefinations.CheckoutStepDefinitions.theOrderShouldBePlacedSuccessfully()&amp#27;[0m
AFTER: THREAD ID : 19,SCENARIO NAME: using default payment option
]]></system-out>
  </testcase>
</testsuite>