<?xml version="1.0" encoding="UTF-8"?>
<!-- Generated by org.testng.reporters.JUnitReportReporter -->
<testsuite hostname="572672-DOMDA1" failures="0" tests="3" name="acceptence.runners.MyTestNGRunnerTest" time="34.281" errors="0" timestamp="2023-06-05T17:52:53 BST" skipped="0">
  <testcase classname="acceptence.runners.MyTestNGRunnerTest" name="runScenario" time="9.584"/>
  <system-out/>
  <testcase classname="acceptence.runners.MyTestNGRunnerTest" name="runScenario" time="15.113"/>
  <system-out/>
  <testcase classname="acceptence.runners.MyTestNGRunnerTest" name="runScenario" time="9.584"/>
  <system-out/>
</testsuite> <!-- acceptence.runners.MyTestNGRunnerTest -->
